(---------------------------------------------------------------------)
(                                                                     )
(    Allegro Netrev Import Logic                                      )
(                                                                     )
(    Drawing          : LAYOUT.brd                                    )
(    Software Version : 16.6-2015S059                                 )
(    Date/Time        : Thu Nov 28 16:10:24 2024                      )
(                                                                     )
(---------------------------------------------------------------------)


------ Directives ------------

Ripup etch:                  No
Ripup delete first segment:  No
Ripup retain bondwire:       No
Ripup symbols:               Always
Missing symbol has error:    No
DRC update:                  Yes
Schematic directory:         'C:\USERS\CATARINA\ONEDRIVE\CATARINA\POLITEHNICA\AN 3 SEM 1\P1\P1_2024_432E_PLAMADEALA_CATARINA_SERS_N15_ORCAD\SCHEMATICS\P1_STAB_TENS\allegro1'
Design Directory:            '.'
Old design name:             'C:/Users/Catarina/OneDrive/Catarina/Politehnica/An 3 sem 1/P1/for Layout/import_layout_DR/LAYOUT.brd'
New design name:             'P1_STAB_TENS.brd'

CmdLine: netrev.exe -y 1 -i C:\USERS\CATARINA\ONEDRIVE\CATARINA\POLITEHNICA\AN 3 SEM 1\P1\P1_2024_432E_PLAMADEALA_CATARINA_SERS_N15_ORCAD\SCHEMATICS\P1_STAB_TENS\allegro1 C:\Users\Catarina\OneDrive\Catarina\Politehnica\An 3 sem 1\P1\for Layout\import_layout_DR\LAYOUT.brd C:\USERS\CATARINA\ONEDRIVE\CATARINA\POLITEHNICA\AN 3 SEM 1\P1\P1_2024_432E_PLAMADEALA_CATARINA_SERS_N15_ORCAD\SCHEMATICS\P1_STAB_TENS\allegro1\P1_STAB_TENS.brd

------ Preparing to read pst files ------

Starting to read C:/USERS/CATARINA/ONEDRIVE/CATARINA/POLITEHNICA/AN 3 SEM 1/P1/P1_2024_432E_PLAMADEALA_CATARINA_SERS_N15_ORCAD/SCHEMATICS/P1_STAB_TENS/allegro1/pstchip.dat 
   Finished reading C:/USERS/CATARINA/ONEDRIVE/CATARINA/POLITEHNICA/AN 3 SEM 1/P1/P1_2024_432E_PLAMADEALA_CATARINA_SERS_N15_ORCAD/SCHEMATICS/P1_STAB_TENS/allegro1/pstchip.dat (00:00:00.01)
Starting to read C:/USERS/CATARINA/ONEDRIVE/CATARINA/POLITEHNICA/AN 3 SEM 1/P1/P1_2024_432E_PLAMADEALA_CATARINA_SERS_N15_ORCAD/SCHEMATICS/P1_STAB_TENS/allegro1/pstxprt.dat 
   Finished reading C:/USERS/CATARINA/ONEDRIVE/CATARINA/POLITEHNICA/AN 3 SEM 1/P1/P1_2024_432E_PLAMADEALA_CATARINA_SERS_N15_ORCAD/SCHEMATICS/P1_STAB_TENS/allegro1/pstxprt.dat (00:00:00.00)
Starting to read C:/USERS/CATARINA/ONEDRIVE/CATARINA/POLITEHNICA/AN 3 SEM 1/P1/P1_2024_432E_PLAMADEALA_CATARINA_SERS_N15_ORCAD/SCHEMATICS/P1_STAB_TENS/allegro1/pstxnet.dat 
   Finished reading C:/USERS/CATARINA/ONEDRIVE/CATARINA/POLITEHNICA/AN 3 SEM 1/P1/P1_2024_432E_PLAMADEALA_CATARINA_SERS_N15_ORCAD/SCHEMATICS/P1_STAB_TENS/allegro1/pstxnet.dat (00:00:00.00)

------ Oversights/Warnings/Errors ------


------ Library Paths ------
MODULEPATH =  . 
           C:/Cadence/OrCADX_24.1/share/local/pcb/modules 
           C:/Cadence/share/pcb/pcb_lib/symbols 

PSMPATH =  C:/OrCAD/OrCAD_16.6_Lite/share/pcb/pcb_lib/symbols 

PADPATH =  C:/OrCAD/OrCAD_16.6_Lite/share/pcb/pcb_lib/symbols 


------ Summary Statistics ------


netrev run on Nov 28 16:10:24 2024
   DESIGN NAME : 'P1_STAB_TENS'
   PACKAGING ON Aug  3 2015 18:16:55

   COMPILE 'logic'
   CHECK_PIN_NAMES OFF
   CROSS_REFERENCE OFF
   FEEDBACK OFF
   INCREMENTAL OFF
   INTERFACE_TYPE PHYSICAL
   MAX_ERRORS 500
   MERGE_MINIMUM 5
   NET_NAME_CHARS '#%&()*+-./:=>?@[]^_`|'
   NET_NAME_LENGTH 24
   OVERSIGHTS ON
   REPLACE_CHECK OFF
   SINGLE_NODE_NETS ON
   SPLIT_MINIMUM 0
   SUPPRESS   20
   WARNINGS ON

 No error detected
 No oversight detected
 No warning detected

cpu time      0:00:15
elapsed time  0:00:00

